<?xml version="1.0" encoding="UTF-8" ?>
<testsuite errors="0" failures="0" hostname="XUBUNTU22-0007" name="upnadirect.ClienteTest" skipped="0" tests="2" time="0.226" timestamp="2024-12-18T14:48:58">
  <properties>
    <property name="ant.file.type.UpnaDirect-impl" value="file" />
    <property name="libs.spring-framework300.classpath" value="/usr/lib/apache-netbeans/platform/modules/org-apache-commons-logging.jar:/usr/lib/apache-netbeans/java/modules/ext/cglib-2.2.jar:/usr/lib/apache-netbeans/java/modules/ext/spring-3.0/spring-aop-3.2.18.RELEASE.jar:/usr/lib/apache-netbeans/java/modules/ext/spring-3.0/spring-aspects-3.2.18.RELEASE.jar:/usr/lib/apache-netbeans/java/modules/ext/spring-3.0/spring-beans-3.2.18.RELEASE.jar:/usr/lib/apache-netbeans/java/modules/ext/spring-3.0/spring-context-3.2.18.RELEASE.jar:/usr/lib/apache-netbeans/java/modules/ext/spring-3.0/spring-context-support-3.2.18.RELEASE.jar:/usr/lib/apache-netbeans/java/modules/ext/spring-3.0/spring-core-3.2.18.RELEASE.jar:/usr/lib/apache-netbeans/java/modules/ext/spring-3.0/spring-expression-3.2.18.RELEASE.jar:/usr/lib/apache-netbeans/java/modules/ext/spring-3.0/spring-instrument-3.2.18.RELEASE.jar:/usr/lib/apache-netbeans/java/modules/ext/spring-3.0/spring-instrument-tomcat-3.2.18.RELEASE.jar:/usr/lib/apache-netbeans/java/modules/ext/spring-3.0/spring-jdbc-3.2.18.RELEASE.jar:/usr/lib/apache-netbeans/java/modules/ext/spring-3.0/spring-jms-3.2.18.RELEASE.jar:/usr/lib/apache-netbeans/java/modules/ext/spring-3.0/spring-orm-3.2.18.RELEASE.jar:/usr/lib/apache-netbeans/java/modules/ext/spring-3.0/spring-oxm-3.2.18.RELEASE.jar:/usr/lib/apache-netbeans/java/modules/ext/spring-3.0/spring-struts-3.2.18.RELEASE.jar:/usr/lib/apache-netbeans/java/modules/ext/spring-3.0/spring-test-3.2.18.RELEASE.jar:/usr/lib/apache-netbeans/java/modules/ext/spring-3.0/spring-tx-3.2.18.RELEASE.jar:/usr/lib/apache-netbeans/java/modules/ext/spring-3.0/spring-web-3.2.18.RELEASE.jar:/usr/lib/apache-netbeans/java/modules/ext/spring-3.0/spring-webmvc-3.2.18.RELEASE.jar:/usr/lib/apache-netbeans/java/modules/ext/spring-3.0/spring-webmvc-portlet-3.2.18.RELEASE.jar" />
    <property name="javac.test.classpath" value=":build/classes:/usr/lib/apache-netbeans/platform/modules/ext/junit-4.13.2.jar:/usr/lib/apache-netbeans/platform/modules/ext/hamcrest-core-1.3.jar" />
    <property name="java.specification.version" value="11" />
    <property name="jar.index.metainf" value="false" />
    <property name="libs.spring-framework500.classpath" value="/usr/lib/apache-netbeans/platform/modules/org-apache-commons-logging.jar:/usr/lib/apache-netbeans/java/modules/ext/cglib-2.2.jar:/usr/lib/apache-netbeans/java/modules/ext/spring-5/spring-aop-5.2.9.RELEASE.jar:/usr/lib/apache-netbeans/java/modules/ext/spring-5/spring-aspects-5.2.9.RELEASE.jar:/usr/lib/apache-netbeans/java/modules/ext/spring-5/spring-beans-5.2.9.RELEASE.jar:/usr/lib/apache-netbeans/java/modules/ext/spring-5/spring-context-5.2.9.RELEASE.jar:/usr/lib/apache-netbeans/java/modules/ext/spring-5/spring-context-indexer-5.2.9.RELEASE.jar:/usr/lib/apache-netbeans/java/modules/ext/spring-5/spring-context-support-5.2.9.RELEASE.jar:/usr/lib/apache-netbeans/java/modules/ext/spring-5/spring-core-5.2.9.RELEASE.jar:/usr/lib/apache-netbeans/java/modules/ext/spring-5/spring-expression-5.2.9.RELEASE.jar:/usr/lib/apache-netbeans/java/modules/ext/spring-5/spring-instrument-5.2.9.RELEASE.jar:/usr/lib/apache-netbeans/java/modules/ext/spring-5/spring-jcl-5.2.9.RELEASE.jar:/usr/lib/apache-netbeans/java/modules/ext/spring-5/spring-jdbc-5.2.9.RELEASE.jar:/usr/lib/apache-netbeans/java/modules/ext/spring-5/spring-jms-5.2.9.RELEASE.jar:/usr/lib/apache-netbeans/java/modules/ext/spring-5/spring-messaging-5.2.9.RELEASE.jar:/usr/lib/apache-netbeans/java/modules/ext/spring-5/spring-orm-5.2.9.RELEASE.jar:/usr/lib/apache-netbeans/java/modules/ext/spring-5/spring-oxm-5.2.9.RELEASE.jar:/usr/lib/apache-netbeans/java/modules/ext/spring-5/spring-test-5.2.9.RELEASE.jar:/usr/lib/apache-netbeans/java/modules/ext/spring-5/spring-tx-5.2.9.RELEASE.jar:/usr/lib/apache-netbeans/java/modules/ext/spring-5/spring-web-5.2.9.RELEASE.jar:/usr/lib/apache-netbeans/java/modules/ext/spring-5/spring-webflux-5.2.9.RELEASE.jar:/usr/lib/apache-netbeans/java/modules/ext/spring-5/spring-webmvc-5.2.9.RELEASE.jar:/usr/lib/apache-netbeans/java/modules/ext/spring-5/spring-websocket-5.2.9.RELEASE.jar" />
    <property name="libs.spring-webmvc4.0.javadoc" value="" />
    <property name="libs.spring-framework400.classpath" value="/usr/lib/apache-netbeans/platform/modules/org-apache-commons-logging.jar:/usr/lib/apache-netbeans/java/modules/ext/cglib-2.2.jar:/usr/lib/apache-netbeans/java/modules/ext/spring-4/spring-aop-4.3.29.RELEASE.jar:/usr/lib/apache-netbeans/java/modules/ext/spring-4/spring-aspects-4.3.29.RELEASE.jar:/usr/lib/apache-netbeans/java/modules/ext/spring-4/spring-beans-4.3.29.RELEASE.jar:/usr/lib/apache-netbeans/java/modules/ext/spring-4/spring-context-4.3.29.RELEASE.jar:/usr/lib/apache-netbeans/java/modules/ext/spring-4/spring-context-support-4.3.29.RELEASE.jar:/usr/lib/apache-netbeans/java/modules/ext/spring-4/spring-core-4.3.29.RELEASE.jar:/usr/lib/apache-netbeans/java/modules/ext/spring-4/spring-expression-4.3.29.RELEASE.jar:/usr/lib/apache-netbeans/java/modules/ext/spring-4/spring-instrument-4.3.29.RELEASE.jar:/usr/lib/apache-netbeans/java/modules/ext/spring-4/spring-instrument-tomcat-4.3.29.RELEASE.jar:/usr/lib/apache-netbeans/java/modules/ext/spring-4/spring-jdbc-4.3.29.RELEASE.jar:/usr/lib/apache-netbeans/java/modules/ext/spring-4/spring-jms-4.3.29.RELEASE.jar:/usr/lib/apache-netbeans/java/modules/ext/spring-4/spring-messaging-4.3.29.RELEASE.jar:/usr/lib/apache-netbeans/java/modules/ext/spring-4/spring-orm-4.3.29.RELEASE.jar:/usr/lib/apache-netbeans/java/modules/ext/spring-4/spring-oxm-4.3.29.RELEASE.jar:/usr/lib/apache-netbeans/java/modules/ext/spring-4/spring-test-4.3.29.RELEASE.jar:/usr/lib/apache-netbeans/java/modules/ext/spring-4/spring-tx-4.3.29.RELEASE.jar:/usr/lib/apache-netbeans/java/modules/ext/spring-4/spring-web-4.3.29.RELEASE.jar:/usr/lib/apache-netbeans/java/modules/ext/spring-4/spring-webmvc-4.3.29.RELEASE.jar:/usr/lib/apache-netbeans/java/modules/ext/spring-4/spring-webmvc-portlet-4.3.29.RELEASE.jar:/usr/lib/apache-netbeans/java/modules/ext/spring-4/spring-websocket-4.3.29.RELEASE.jar" />
    <property name="test.binaryincludes" value="&lt;nothing&gt;" />
    <property name="debug-transport" value="dt_socket" />
    <property name="libs.javaee-web-api-8.0.src" value="" />
    <property name="java.vendor.url" value="https://ubuntu.com/" />
    <property name="debug.modulepath" value="" />
    <property name="libs.jsp-compilation.src" value="" />
    <property name="libs.eclipselink.javadoc" value="/usr/lib/apache-netbeans/java/modules/ext/docs/jakarta.persistence-2.2.3-doc.zip" />
    <property name="libs.JWSAntTasks.javadoc" value="" />
    <property name="sun.boot.library.path" value="/usr/lib/jvm/java-11-openjdk-amd64/lib" />
    <property name="sun.java.command" value="org.apache.tools.ant.taskdefs.optional.junit.JUnitTestRunner upnadirect.ClienteTest skipNonTests=false filtertrace=true haltOnError=false haltOnFailure=false showoutput=true outputtoformatters=true logfailedtests=true threadid=0 logtestlistenerevents=true formatter=org.apache.tools.ant.taskdefs.optional.junit.BriefJUnitResultFormatter formatter=org.apache.tools.ant.taskdefs.optional.junit.XMLJUnitResultFormatter,/home/alumno/Escritorio/UpnaDirect/build/test/results/TEST-upnadirect.ClienteTest.xml crashfile=/home/alumno/Escritorio/UpnaDirect/build/junitvmwatcher5527587176975151954.properties propsfile=/home/alumno/Escritorio/UpnaDirect/build/junit3074659160151003788.properties" />
    <property name="jdk.debug" value="release" />
    <property name="libs.spring-framework300.src" value="" />
    <property name="javadoc.use" value="true" />
    <property name="javadoc.notree" value="false" />
    <property name="basedir" value="/home/alumno/Escritorio/UpnaDirect" />
    <property name="java.vm.specification.vendor" value="Oracle Corporation" />
    <property name="java.specification.name" value="Java Platform API Specification" />
    <property name="platforms.JDK_11__System_.home" value="/usr/lib/jvm/java-11-openjdk-amd64" />
    <property name="libs.jsf20.classpath" value="/usr/lib/apache-netbeans/enterprise/modules/ext/jsf-2_2/javax.faces.jar" />
    <property name="netbeans.extbrowser.manual_chrome_plugin_install" value="yes" />
    <property name="libs.jakartaee-api-10.0.maven-pom" value="" />
    <property name="libs.spring-framework500.javadoc" value="" />
    <property name="netbeans.default_userdir_root" value="/home/alumno/.netbeans" />
    <property name="libs.jsp-compilation-syscp.src" value="" />
    <property name="jdk.home" value="/usr/lib/jvm/java-1.11.0-openjdk-amd64" />
    <property name="java.runtime.version" value="11.0.20+8-post-Ubuntu-1ubuntu122.04" />
    <property name="libs.eclipselink.maven-pom" value="" />
    <property name="libs.metro.maven-pom" value="" />
    <property name="libs.JAXB-ENDORSED.javadoc" value="" />
    <property name="sun.java2d.noddraw" value="true" />
    <property name="sun.zip.disableMemoryMapping" value="true" />
    <property name="libs.primefaces.javadoc" value="" />
    <property name="ant.file.UpnaDirect-impl" value="/home/alumno/Escritorio/UpnaDirect/nbproject/build-impl.xml" />
    <property name="libs.jsf12.src" value="" />
    <property name="libs.jsp-compilation.javadoc" value="" />
    <property name="libs.groovy-all.maven-pom" value="" />
    <property name="platforms.JDK_11__System_.bootclasspath" value="/usr/lib/jvm/java-11-openjdk-amd64/!/modules/java.base/:/usr/lib/jvm/java-11-openjdk-amd64/!/modules/java.compiler/:/usr/lib/jvm/java-11-openjdk-amd64/!/modules/java.datatransfer/:/usr/lib/jvm/java-11-openjdk-amd64/!/modules/java.desktop/:/usr/lib/jvm/java-11-openjdk-amd64/!/modules/java.instrument/:/usr/lib/jvm/java-11-openjdk-amd64/!/modules/java.logging/:/usr/lib/jvm/java-11-openjdk-amd64/!/modules/java.management/:/usr/lib/jvm/java-11-openjdk-amd64/!/modules/java.management.rmi/:/usr/lib/jvm/java-11-openjdk-amd64/!/modules/java.naming/:/usr/lib/jvm/java-11-openjdk-amd64/!/modules/java.net.http/:/usr/lib/jvm/java-11-openjdk-amd64/!/modules/java.prefs/:/usr/lib/jvm/java-11-openjdk-amd64/!/modules/java.rmi/:/usr/lib/jvm/java-11-openjdk-amd64/!/modules/java.scripting/:/usr/lib/jvm/java-11-openjdk-amd64/!/modules/java.se/:/usr/lib/jvm/java-11-openjdk-amd64/!/modules/java.security.jgss/:/usr/lib/jvm/java-11-openjdk-amd64/!/modules/java.security.sasl/:/usr/lib/jvm/java-11-openjdk-amd64/!/modules/java.smartcardio/:/usr/lib/jvm/java-11-openjdk-amd64/!/modules/java.sql/:/usr/lib/jvm/java-11-openjdk-amd64/!/modules/java.sql.rowset/:/usr/lib/jvm/java-11-openjdk-amd64/!/modules/java.transaction.xa/:/usr/lib/jvm/java-11-openjdk-amd64/!/modules/java.xml/:/usr/lib/jvm/java-11-openjdk-amd64/!/modules/java.xml.crypto/:/usr/lib/jvm/java-11-openjdk-amd64/!/modules/jdk.accessibility/:/usr/lib/jvm/java-11-openjdk-amd64/!/modules/jdk.aot/:/usr/lib/jvm/java-11-openjdk-amd64/!/modules/jdk.attach/:/usr/lib/jvm/java-11-openjdk-amd64/!/modules/jdk.charsets/:/usr/lib/jvm/java-11-openjdk-amd64/!/modules/jdk.compiler/:/usr/lib/jvm/java-11-openjdk-amd64/!/modules/jdk.crypto.cryptoki/:/usr/lib/jvm/java-11-openjdk-amd64/!/modules/jdk.crypto.ec/:/usr/lib/jvm/java-11-openjdk-amd64/!/modules/jdk.dynalink/:/usr/lib/jvm/java-11-openjdk-amd64/!/modules/jdk.editpad/:/usr/lib/jvm/java-11-openjdk-amd64/!/modules/jdk.hotspot.agent/:/usr/lib/jvm/java-11-openjdk-amd64/!/modules/jdk.httpserver/:/usr/lib/jvm/java-11-openjdk-amd64/!/modules/jdk.internal.ed/:/usr/lib/jvm/java-11-openjdk-amd64/!/modules/jdk.internal.jvmstat/:/usr/lib/jvm/java-11-openjdk-amd64/!/modules/jdk.internal.le/:/usr/lib/jvm/java-11-openjdk-amd64/!/modules/jdk.internal.opt/:/usr/lib/jvm/java-11-openjdk-amd64/!/modules/jdk.internal.vm.ci/:/usr/lib/jvm/java-11-openjdk-amd64/!/modules/jdk.internal.vm.compiler/:/usr/lib/jvm/java-11-openjdk-amd64/!/modules/jdk.internal.vm.compiler.management/:/usr/lib/jvm/java-11-openjdk-amd64/!/modules/jdk.jartool/:/usr/lib/jvm/java-11-openjdk-amd64/!/modules/jdk.javadoc/:/usr/lib/jvm/java-11-openjdk-amd64/!/modules/jdk.jcmd/:/usr/lib/jvm/java-11-openjdk-amd64/!/modules/jdk.jconsole/:/usr/lib/jvm/java-11-openjdk-amd64/!/modules/jdk.jdeps/:/usr/lib/jvm/java-11-openjdk-amd64/!/modules/jdk.jdi/:/usr/lib/jvm/java-11-openjdk-amd64/!/modules/jdk.jdwp.agent/:/usr/lib/jvm/java-11-openjdk-amd64/!/modules/jdk.jfr/:/usr/lib/jvm/java-11-openjdk-amd64/!/modules/jdk.jlink/:/usr/lib/jvm/java-11-openjdk-amd64/!/modules/jdk.jshell/:/usr/lib/jvm/java-11-openjdk-amd64/!/modules/jdk.jsobject/:/usr/lib/jvm/java-11-openjdk-amd64/!/modules/jdk.jstatd/:/usr/lib/jvm/java-11-openjdk-amd64/!/modules/jdk.localedata/:/usr/lib/jvm/java-11-openjdk-amd64/!/modules/jdk.management/:/usr/lib/jvm/java-11-openjdk-amd64/!/modules/jdk.management.agent/:/usr/lib/jvm/java-11-openjdk-amd64/!/modules/jdk.management.jfr/:/usr/lib/jvm/java-11-openjdk-amd64/!/modules/jdk.naming.dns/:/usr/lib/jvm/java-11-openjdk-amd64/!/modules/jdk.naming.ldap/:/usr/lib/jvm/java-11-openjdk-amd64/!/modules/jdk.naming.rmi/:/usr/lib/jvm/java-11-openjdk-amd64/!/modules/jdk.net/:/usr/lib/jvm/java-11-openjdk-amd64/!/modules/jdk.pack/:/usr/lib/jvm/java-11-openjdk-amd64/!/modules/jdk.rmic/:/usr/lib/jvm/java-11-openjdk-amd64/!/modules/jdk.scripting.nashorn/:/usr/lib/jvm/java-11-openjdk-amd64/!/modules/jdk.scripting.nashorn.shell/:/usr/lib/jvm/java-11-openjdk-amd64/!/modules/jdk.sctp/:/usr/lib/jvm/java-11-openjdk-amd64/!/modules/jdk.security.auth/:/usr/lib/jvm/java-11-openjdk-amd64/!/modules/jdk.security.jgss/:/usr/lib/jvm/java-11-openjdk-amd64/!/modules/jdk.unsupported/:/usr/lib/jvm/java-11-openjdk-amd64/!/modules/jdk.unsupported.desktop/:/usr/lib/jvm/java-11-openjdk-amd64/!/modules/jdk.xml.dom/:/usr/lib/jvm/java-11-openjdk-amd64/!/modules/jdk.zipfs/" />
    <property name="libs.restapi.src" value="" />
    <property name="libs.junit_5.javadoc" value="/usr/lib/apache-netbeans/platform/docs/junit-jupiter-api-5.6.0-javadoc.jar:/usr/lib/apache-netbeans/platform/docs/junit-jupiter-params-5.6.0-javadoc.jar:/usr/lib/apache-netbeans/platform/docs/junit-jupiter-engine-5.6.0-javadoc.jar" />
    <property name="dist.archive.excludes" value="" />
    <property name="java.io.tmpdir" value="/tmp" />
    <property name="java.version" value="11.0.20" />
    <property name="libs.jakartaee-api-8.0.javadoc" value="/usr/lib/apache-netbeans/enterprise/docs/jakartaee8-doc-api.jar" />
    <property name="java.vm.specification.name" value="Java Virtual Machine Specification" />
    <property name="libs.hamcrest.src" value="" />
    <property name="java.library.path" value="/opt/ThirdParty-10/platforms/linux64Gcc/gperftools-svn/lib:/opt/openfoam10/platforms/linux64GccDPInt32Opt/lib/paraview-5.10:/opt/paraviewopenfoam510/lib:/opt/openfoam10/platforms/linux64GccDPInt32Opt/lib/openmpi-system:/opt/ThirdParty-10/platforms/linux64GccDPInt32/lib/openmpi-system:/usr/lib/x86_64-linux-gnu/openmpi/lib:/home/alumno/OpenFOAM/alumno-10/platforms/linux64GccDPInt32Opt/lib:/opt/site/10/platforms/linux64GccDPInt32Opt/lib:/opt/openfoam10/platforms/linux64GccDPInt32Opt/lib:/opt/ThirdParty-10/platforms/linux64GccDPInt32/lib:/opt/openfoam10/platforms/linux64GccDPInt32Opt/lib/dummy:/usr/java/packages/lib:/usr/lib/x86_64-linux-gnu/jni:/lib/x86_64-linux-gnu:/usr/lib/x86_64-linux-gnu:/usr/lib/jni:/lib:/usr/lib" />
    <property name="java.vendor" value="Ubuntu" />
    <property name="java.specification.maintenance.version" value="2" />
    <property name="libs.groovy-all.src" value="" />
    <property name="libs.testng.javadoc" value="/usr/lib/apache-netbeans/platform/docs/testng-6.13.1-javadoc.jar" />
    <property name="meta.inf.dir" value="src/META-INF" />
    <property name="compile.on.save" value="true" />
    <property name="libs.testng.maven-pom" value="" />
    <property name="org.openide.version" value="deprecated" />
    <property name="run.classpath" value=":build/classes" />
    <property name="libs.jaxb.src" value="" />
    <property name="test.src.dir" value="test" />
    <property name="sun.awt.enableExtraMouseButtons" value="true" />
    <property name="org.openide.major.version" value="IDE/1" />
    <property name="libs.spring-framework300.javadoc" value="" />
    <property name="ap.proc.none.internal" value="" />
    <property name="org.openide.specification.version" value="6.2" />
    <property name="user.timezone" value="" />
    <property name="jar.index" value="false" />
    <property name="libs.jpa20-persistence.classpath" value="/usr/lib/apache-netbeans/java/modules/ext/eclipselink/jakarta.persistence-2.2.3.jar" />
    <property name="ant.file.type.UpnaDirect" value="file" />
    <property name="java.vm.specification.version" value="11" />
    <property name="libs.eclipselinkmodelgen.javadoc" value="" />
    <property name="libs.junit_5.classpath" value="/usr/lib/apache-netbeans/platform/modules/ext/junit-jupiter-api-5.6.0.jar:/usr/lib/apache-netbeans/platform/modules/ext/junit-jupiter-params-5.6.0.jar:/usr/lib/apache-netbeans/platform/modules/ext/junit-jupiter-engine-5.6.0.jar" />
    <property name="javadoc.noindex" value="false" />
    <property name="javadoc.private" value="false" />
    <property name="libs.spring-webmvc4.0.maven-pom" value="" />
    <property name="libs.JAXB-ENDORSED.maven-pom" value="" />
    <property name="user.home" value="/home/alumno" />
    <property name="libs.eclipselinkmodelgen.maven-pom" value="" />
    <property name="have.sources" value="true" />
    <property name="annotation.processing.processors.list" value="" />
    <property name="javac.deprecation" value="false" />
    <property name="build.generated.sources.dir" value="build/generated-sources" />
    <property name="plugin.manager.check.updates" value="false" />
    <property name="netbeans.autoupdate.language" value="es" />
    <property name="platforms.JDK_17__System_.compiler" value="modern" />
    <property name="build.compiler.emacs" value="true" />
    <property name="libs.eclipselinkmodelgen.src" value="" />
    <property name="build.classes.excludes" value="**/*.java,**/*.form" />
    <property name="dist.jar" value="dist/UpnaDirect.jar" />
    <property name="libs.jakartaee-web-api-9.0.classpath" value="/usr/lib/apache-netbeans/enterprise/modules/ext/jakarta.jakartaee-web-api-9.0.0.jar" />
    <property name="libs.spring-webmvc4.0.classpath" value="/usr/lib/apache-netbeans/java/modules/ext/spring-4/spring-webmvc-4.3.29.RELEASE.jar" />
    <property name="libs.javaee-endorsed-api-7.0.javadoc" value="/usr/lib/apache-netbeans/enterprise/docs/javaee-doc-api.jar" />
    <property name="os.version" value="6.2.0-26-generic" />
    <property name="jna.nosys" value="false" />
    <property name="netbeans.home" value="/usr/lib/apache-netbeans/platform" />
    <property name="libs.CopyLibs.javadoc" value="" />
    <property name="debug-transport-by-os" value="dt_socket" />
    <property name="libs.jsf20.src" value="" />
    <property name="libs.javaee-api-8.0.javadoc" value="/usr/lib/apache-netbeans/enterprise/docs/javaee-doc-api.jar" />
    <property name="java.vm.name" value="OpenJDK 64-Bit Server VM" />
    <property name="libs.jakartaee-api-10.0.javadoc" value="/usr/lib/apache-netbeans/enterprise/docs/jakartaee10-doc-api.jar" />
    <property name="libs.jstl.javadoc" value="/usr/lib/apache-netbeans/enterprise/docs/javaee-doc-api.jar" />
    <property name="libs.javaee-endorsed-api-7.0.maven-pom" value="" />
    <property name="libs.jaxws21.classpath" value="/usr/lib/apache-netbeans/java/modules/ext/jaxws22/api/jakarta.jws-api.jar:/usr/lib/apache-netbeans/java/modules/ext/jaxws22/api/jakarta.xml.soap-api.jar:/usr/lib/apache-netbeans/java/modules/ext/jaxws22/api/jakarta.xml.ws-api.jar:/usr/lib/apache-netbeans/java/modules/ext/jaxws22/FastInfoset.jar:/usr/lib/apache-netbeans/java/modules/ext/jaxws22/gmbal-api-only.jar:/usr/lib/apache-netbeans/java/modules/ext/jaxws22/ha-api.jar:/usr/lib/apache-netbeans/java/modules/ext/jaxws22/jakarta.mail.jar:/usr/lib/apache-netbeans/java/modules/ext/jaxws22/jaxws-rt.jar:/usr/lib/apache-netbeans/java/modules/ext/jaxws22/jaxws-tools.jar:/usr/lib/apache-netbeans/java/modules/ext/jaxws22/management-api.jar:/usr/lib/apache-netbeans/java/modules/ext/jaxws22/mimepull.jar:/usr/lib/apache-netbeans/java/modules/ext/jaxws22/policy.jar:/usr/lib/apache-netbeans/java/modules/ext/jaxws22/saaj-impl.jar:/usr/lib/apache-netbeans/java/modules/ext/jaxws22/stax-ex.jar:/usr/lib/apache-netbeans/java/modules/ext/jaxws22/stax2-api.jar:/usr/lib/apache-netbeans/java/modules/ext/jaxws22/streambuffer.jar:/usr/lib/apache-netbeans/java/modules/ext/jaxws22/woodstox-core.jar:/usr/lib/apache-netbeans/ide/modules/ext/jaxb/api/jaxb-api.jar:/usr/lib/apache-netbeans/ide/modules/ext/jaxb/activation.jar:/usr/lib/apache-netbeans/ide/modules/ext/jaxb/jaxb-impl.jar:/usr/lib/apache-netbeans/ide/modules/ext/jaxb/jaxb-xjc.jar" />
    <property name="libs.restapi.classpath" value="/usr/lib/apache-netbeans/enterprise/modules/ext/jaxrs-2.1/jakarta.ws.rs-api-2.1.6.jar" />
    <property name="os.arch" value="amd64" />
    <property name="build.generated.dir" value="build/generated" />
    <property name="libs.groovy-all.javadoc" value="" />
    <property name="libs.jakartaee-api-8.0.classpath" value="/usr/lib/apache-netbeans/enterprise/modules/ext/jakarta.jakartaee-api-8.0.0.jar" />
    <property name="libs.javaee-web-api-7.0.javadoc" value="/usr/lib/apache-netbeans/enterprise/docs/javaee-doc-api.jar" />
    <property name="libs.javaee-endorsed-api-6.0.src" value="" />
    <property name="libs.jsf12.maven-pom" value="" />
    <property name="libs.javaee-endorsed-api-7.0.classpath" value="/usr/lib/apache-netbeans/enterprise/modules/ext/javaee7-endorsed/javax.annotation-api.jar:/usr/lib/apache-netbeans/enterprise/modules/ext/javaee7-endorsed/javax.xml.soap-api.jar:/usr/lib/apache-netbeans/enterprise/modules/ext/javaee7-endorsed/jaxb-api-osgi.jar:/usr/lib/apache-netbeans/enterprise/modules/ext/javaee7-endorsed/jaxws-api.jar:/usr/lib/apache-netbeans/enterprise/modules/ext/javaee7-endorsed/jsr181-api.jar" />
    <property name="org.netbeans.io.suspend" value="0" />
    <property name="libs.primefaces.maven-pom" value="" />
    <property name="awt.toolkit" value="sun.awt.X11.XToolkit" />
    <property name="ant.project.name" value="UpnaDirect" />
    <property name="dist.javadoc.dir" value="dist/javadoc" />
    <property name="default.javac.target" value="11" />
    <property name="javac.fork" value="true" />
    <property name="libs.eclipselink.classpath" value="/usr/lib/apache-netbeans/java/modules/ext/eclipselink/org.eclipse.persistence.core-2.7.12.jar:/usr/lib/apache-netbeans/java/modules/ext/eclipselink/org.eclipse.persistence.asm-9.4.0.jar:/usr/lib/apache-netbeans/java/modules/ext/eclipselink/org.eclipse.persistence.antlr-2.7.12.jar:/usr/lib/apache-netbeans/java/modules/ext/eclipselink/org.eclipse.persistence.jpa-2.7.12.jar:/usr/lib/apache-netbeans/java/modules/ext/eclipselink/org.eclipse.persistence.jpa.jpql-2.7.12.jar:/usr/lib/apache-netbeans/java/modules/ext/eclipselink/org.eclipse.persistence.moxy-2.7.12.jar:/usr/lib/apache-netbeans/java/modules/ext/eclipselink/jakarta.persistence-2.2.3.jar" />
    <property name="libs.struts.classpath" value="/usr/lib/apache-netbeans/enterprise/modules/ext/struts/antlr-2.7.2.jar:/usr/lib/apache-netbeans/enterprise/modules/ext/struts/bsf-2.3.0.jar:/usr/lib/apache-netbeans/enterprise/modules/ext/struts/commons-beanutils-1.8.0.jar:/usr/lib/apache-netbeans/enterprise/modules/ext/struts/commons-chain-1.2.jar:/usr/lib/apache-netbeans/enterprise/modules/ext/struts/commons-digester-1.8.jar:/usr/lib/apache-netbeans/enterprise/modules/ext/struts/commons-fileupload-1.1.1.jar:/usr/lib/apache-netbeans/enterprise/modules/ext/struts/commons-io-1.1.jar:/usr/lib/apache-netbeans/enterprise/modules/ext/struts/commons-logging-1.0.4.jar:/usr/lib/apache-netbeans/enterprise/modules/ext/struts/commons-validator-1.3.1.jar:/usr/lib/apache-netbeans/enterprise/modules/ext/struts/jstl-1.0.2.jar:/usr/lib/apache-netbeans/enterprise/modules/ext/struts/oro-2.0.8.jar:/usr/lib/apache-netbeans/enterprise/modules/ext/struts/standard-1.0.6.jar:/usr/lib/apache-netbeans/enterprise/modules/ext/struts/struts-core-1.3.10.jar:/usr/lib/apache-netbeans/enterprise/modules/ext/struts/struts-el-1.3.10.jar:/usr/lib/apache-netbeans/enterprise/modules/ext/struts/struts-extras-1.3.10.jar:/usr/lib/apache-netbeans/enterprise/modules/ext/struts/struts-faces-1.3.10.jar:/usr/lib/apache-netbeans/enterprise/modules/ext/struts/struts-mailreader-dao-1.3.10.jar:/usr/lib/apache-netbeans/enterprise/modules/ext/struts/struts-scripting-1.3.10.jar:/usr/lib/apache-netbeans/enterprise/modules/ext/struts/struts-taglib-1.3.10.jar:/usr/lib/apache-netbeans/enterprise/modules/ext/struts/struts-tiles-1.3.10.jar" />
    <property name="libs.PostgreSQLDriver.maven-pom" value="" />
    <property name="libs.absolutelayout.src" value="" />
    <property name="testng.mode" value="testng" />
    <property name="annotation.processing.enabled.in.editor" value="false" />
    <property name="java.vm.compressedOopsMode" value="32-bit" />
    <property name="netbeans.productversion" value="Apache NetBeans IDE 18" />
    <property name="mkdist.disabled" value="false" />
    <property name="libs.javaee-web-api-6.0.javadoc" value="/usr/lib/apache-netbeans/enterprise/docs/javaee-doc-api.jar" />
    <property name="libs.javaee-api-7.0.maven-pom" value="" />
    <property name="libs.groovy-all.classpath" value="/usr/lib/apache-netbeans/groovy/modules/ext/groovy-3.0.8.jar:/usr/lib/apache-netbeans/groovy/modules/ext/groovy-ant-3.0.8.jar" />
    <property name="libs.absolutelayout.javadoc" value="" />
    <property name="annotation.processing.processor.options" value="" />
    <property name="libs.jaxb.maven-pom" value="" />
    <property name="libs.javaee-api-6.0.maven-pom" value="" />
    <property name="dist.dir" value="dist" />
    <property name="build.dir" value="build" />
    <property name="libs.graaljs.maven-pom" value="" />
    <property name="netbeans.autoupdate.variant" value="" />
    <property name="javadoc.version" value="false" />
    <property name="libs.metro.classpath" value="/usr/lib/apache-netbeans/ide/modules/ext/jaxb/activation.jar:/usr/lib/apache-netbeans/enterprise/modules/ext/metro/webservices-api.jar:/usr/lib/apache-netbeans/enterprise/modules/ext/metro/webservices-extra-api.jar:/usr/lib/apache-netbeans/enterprise/modules/ext/metro/webservices-extra.jar:/usr/lib/apache-netbeans/enterprise/modules/ext/metro/webservices-rt.jar:/usr/lib/apache-netbeans/enterprise/modules/ext/metro/webservices-tools.jar" />
    <property name="libs.metro.src" value="" />
    <property name="libs.CopyLibs.classpath" value="/usr/lib/apache-netbeans/java/ant/extra/org-netbeans-modules-java-j2seproject-copylibstask.jar" />
    <property name="sun.os.patch.level" value="unknown" />
    <property name="javac.test.processorpath" value=":build/classes:/usr/lib/apache-netbeans/platform/modules/ext/junit-4.13.2.jar:/usr/lib/apache-netbeans/platform/modules/ext/hamcrest-core-1.3.jar" />
    <property name="libs.javaee-web-api-7.0.maven-pom" value="" />
    <property name="libs.javaee-web-api-8.0.maven-pom" value="" />
    <property name="netbeans.dirs" value="/usr/lib/apache-netbeans/nb:/usr/lib/apache-netbeans/ergonomics:/usr/lib/apache-netbeans/ide:/usr/lib/apache-netbeans/extide:/usr/lib/apache-netbeans/java:/usr/lib/apache-netbeans/apisupport:/usr/lib/apache-netbeans/webcommon:/usr/lib/apache-netbeans/websvccommon:/usr/lib/apache-netbeans/enterprise:/usr/lib/apache-netbeans/mobility:/usr/lib/apache-netbeans/profiler:/usr/lib/apache-netbeans/python:/usr/lib/apache-netbeans/php:/usr/lib/apache-netbeans/identity:/usr/lib/apache-netbeans/harness:/usr/lib/apache-netbeans/cnd:/usr/lib/apache-netbeans/cndext:/usr/lib/apache-netbeans/cpplite:/usr/lib/apache-netbeans/dlight:/usr/lib/apache-netbeans/groovy:/usr/lib/apache-netbeans/extra:/usr/lib/apache-netbeans/javacard:/usr/lib/apache-netbeans/javafx:/usr/lib/apache-netbeans/rust:" />
    <property name="libs.hamcrest.maven-pom" value="" />
    <property name="javac.processorpath" value="" />
    <property name="libs.javaee-api-6.0.javadoc" value="/usr/lib/apache-netbeans/enterprise/docs/javaee-doc-api.jar" />
    <property name="libs.JWSAntTasks.maven-pom" value="" />
    <property name="run.modulepath" value="" />
    <property name="do.archive+manifest.available" value="true" />
    <property name="apple.laf.useScreenMenuBar" value="true" />
    <property name="sun.java.launcher" value="SUN_STANDARD" />
    <property name="user.country" value="ES" />
    <property name="libs.jakartaee-api-9.0.maven-pom" value="" />
    <property name="libs.restapi.javadoc" value="" />
    <property name="libs.jpa20-persistence.src" value="" />
    <property name="javac.test.sourcepath" value="/home/alumno/Escritorio/UpnaDirect/build/empty" />
    <property name="libs.spring-webmvc3.0.maven-pom" value="" />
    <property name="includes" value="**" />
    <property name="libs.jsf12.javadoc" value="/usr/lib/apache-netbeans/enterprise/docs/javaee-doc-api.jar" />
    <property name="libs.hamcrest.classpath" value="/usr/lib/apache-netbeans/platform/modules/ext/hamcrest-core-1.3.jar" />
    <property name="javadoc.splitindex" value="true" />
    <property name="libs.JWSAntTasks.classpath" value="/usr/lib/apache-netbeans/java/ant/extra/org-netbeans-modules-javawebstart-anttasks.jar" />
    <property name="junit.available" value="true" />
    <property name="javac.processormodulepath" value="" />
    <property name="javadoc.encoding" value="UTF-8" />
    <property name="libs.jsp-compilation-syscp.maven-pom" value="" />
    <property name="libs.jstl.src" value="" />
    <property name="netbeans.hash.code" value="unique=0f42d7103-292a-42b9-8193-893b8bb098c8_c0a97881-d730-4bf0-a80f-7fc8fd2d98fc" />
    <property name="libs.spring-webmvc3.0.classpath" value="/usr/lib/apache-netbeans/java/modules/ext/spring-3.0/spring-webmvc-3.2.18.RELEASE.jar" />
    <property name="java.runtime.name" value="OpenJDK Runtime Environment" />
    <property name="manifest.available" value="true" />
    <property name="libs.jaxb.javadoc" value="/usr/lib/apache-netbeans/ide/docs/jaxb-api-doc.jar" />
    <property name="libs.spring-framework500.maven-pom" value="" />
    <property name="run.jvmargs.ide" value="" />
    <property name="ant.core.lib" value="/usr/lib/apache-netbeans/extide/ant/lib/ant.jar" />
    <property name="libs.jsp-compilation.maven-pom" value="" />
    <property name="javac.profile.cmd.line.arg" value="" />
    <property name="libs.jakartaee-api-9.0.classpath" value="/usr/lib/apache-netbeans/enterprise/modules/ext/jakarta.jakartaee-api-9.0.0.jar" />
    <property name="do.archive+main.class.available" value="true" />
    <property name="javac.test.modulepath" value="" />
    <property name="libs.jakartaee-api-10.0.src" value="" />
    <property name="ignore.failing.tests" value="true" />
    <property name="libs.PostgreSQLDriver.javadoc" value="" />
    <property name="libs.jsp-compilation-syscp.classpath" value="/usr/lib/apache-netbeans/extide/ant/lib/ant.jar:/usr/lib/apache-netbeans/enterprise/modules/ext/servlet4.0-jsp2.3-api.jar:/usr/lib/apache-netbeans/enterprise/modules/ext/glassfish-jspparser-5.1.0.jar:/usr/lib/apache-netbeans/enterprise/modules/ext/jstl-impl.jar:/usr/lib/apache-netbeans/enterprise/modules/ext/jsf-2_2/javax.faces.jar" />
    <property name="libs.jsp-compilation.classpath" value="/usr/lib/apache-netbeans/extide/ant/lib/ant.jar:/usr/lib/apache-netbeans/enterprise/modules/ext/servlet4.0-jsp2.3-api.jar:/usr/lib/apache-netbeans/enterprise/modules/ext/glassfish-jspparser-5.1.0.jar:/usr/lib/apache-netbeans/enterprise/modules/ext/jsf-2_2/javax.faces.jar:/usr/lib/apache-netbeans/enterprise/modules/ext/jstl-api.jar:/usr/lib/apache-netbeans/extide/ant/lib/ant-launcher.jar" />
    <property name="libs.javaee-api-6.0.classpath" value="/usr/lib/apache-netbeans/enterprise/modules/ext/javaee-api-6.0.jar" />
    <property name="libs.javaee-api-7.0.classpath" value="/usr/lib/apache-netbeans/enterprise/modules/ext/javaee-api-7.0.jar" />
    <property name="sun.cpu.isalist" value="" />
    <property name="libs.restapi.maven-pom" value="" />
    <property name="javadoc.preview" value="true" />
    <property name="do.depend" value="false" />
    <property name="libs.jakartaee-web-api-10.0.src" value="" />
    <property name="sun.arch.data.model" value="64" />
    <property name="libs.jakartaee-web-api-9.0.maven-pom" value="" />
    <property name="sun.font.fontmanager" value="sun.awt.X11FontManager" />
    <property name="libs.javaee-endorsed-api-7.0.src" value="" />
    <property name="annotation.processing.enabled" value="true" />
    <property name="libs.junit_5.src" value="/usr/lib/apache-netbeans/platform/docs/junit-jupiter-api-5.6.0-sources.jar:/usr/lib/apache-netbeans/platform/docs/junit-jupiter-params-5.6.0-sources.jar:/usr/lib/apache-netbeans/platform/docs/junit-jupiter-engine-5.6.0-sources.jar" />
    <property name="libs.jaxb.classpath" value="/usr/lib/apache-netbeans/ide/modules/ext/jaxb/jaxb-impl.jar:/usr/lib/apache-netbeans/ide/modules/ext/jaxb/jaxb-xjc.jar:/usr/lib/apache-netbeans/ide/modules/ext/jaxb/activation.jar:/usr/lib/apache-netbeans/ide/modules/ext/jaxb/api/jaxb-api.jar" />
    <property name="libs.javaee-api-8.0.classpath" value="/usr/lib/apache-netbeans/enterprise/modules/ext/javaee-api-8.0.jar" />
    <property name="libs.CopyLibs.src" value="" />
    <property name="java.specification.vendor" value="Oracle Corporation" />
    <property name="javac.source" value="1.8" />
    <property name="java.version.date" value="2023-07-18" />
    <property name="java.home" value="/usr/lib/jvm/java-11-openjdk-amd64" />
    <property name="work.dir" value="/home/alumno/Escritorio/UpnaDirect" />
    <property name="jna.boot.library.name" value="jnidispatch-nb" />
    <property name="javac.test.compilerargs" value="" />
    <property name="libs.PostgreSQLDriver.classpath" value="/usr/lib/apache-netbeans/ide/modules/ext/postgresql-42.5.4.jar" />
    <property name="libs.graaljs.javadoc" value="" />
    <property name="libs.spring-webmvc3.0.javadoc" value="" />
    <property name="libs.JAXB-ENDORSED.src" value="" />
    <property name="manifest.encoding" value="UTF-8" />
    <property name="sun.management.compiler" value="HotSpot 64-Bit Tiered Compilers" />
    <property name="libs.spring-framework400.src" value="" />
    <property name="run.test.modulepath" value="" />
    <property name="libs.javaee-web-api-6.0.classpath" value="/usr/lib/apache-netbeans/enterprise/modules/ext/javaee-web-api-6.0.jar" />
    <property name="libs.graaljs.classpath" value="/usr/lib/apache-netbeans/webcommon/modules/ext/js-20.3.0.jar:/usr/lib/apache-netbeans/webcommon/modules/ext/js-launcher-20.3.0.jar:/usr/lib/apache-netbeans/webcommon/modules/ext/regex-20.3.0.jar:/usr/lib/apache-netbeans/webcommon/modules/ext/icu4j-67.1.jar:/usr/lib/apache-netbeans/ide/modules/ext/graal-sdk-20.3.0.jar:/usr/lib/apache-netbeans/ide/modules/ext/launcher-common-20.3.0.jar:/usr/lib/apache-netbeans/ide/modules/ext/truffle-api-20.3.0.jar" />
    <property name="libs.jsp-compiler.javadoc" value="" />
    <property name="debug.test.modulepath" value="" />
    <property name="libs.javaee-web-api-7.0.classpath" value="/usr/lib/apache-netbeans/enterprise/modules/ext/javaee-web-api-7.0.jar" />
    <property name="file.encoding" value="UTF-8" />
    <property name="java.util.logging.config.class" value="org.netbeans.core.startup.TopLogging" />
    <property name="https.nonProxyHosts" value="localhost|127.0.0.1|XUBUNTU22-0007" />
    <property name="libs.restlib.javadoc" value="" />
    <property name="libs.absolutelayout.classpath" value="/usr/lib/apache-netbeans/java/modules/ext/AbsoluteLayout.jar" />
    <property name="do.archive" value="true" />
    <property name="libs.struts.maven-pom" value="" />
    <property name="java.awt.printerjob" value="sun.print.PSPrinterJob" />
    <property name="built-jar.properties" value="/home/alumno/Escritorio/UpnaDirect/build/built-jar.properties" />
    <property name="nb.native.filechooser" value="false" />
    <property name="libs.testng.src" value="" />
    <property name="libs.javaee-web-api-8.0.classpath" value="/usr/lib/apache-netbeans/enterprise/modules/ext/javaee-web-api-8.0.jar" />
    <property name="platform.active" value="default_platform" />
    <property name="manifest.file" value="manifest.mf" />
    <property name="sun.io.unicode.encoding" value="UnicodeLittle" />
    <property name="libs.struts.javadoc" value="/usr/lib/apache-netbeans/enterprise/docs/struts-1.3.10-javadoc.zip" />
    <property name="ant.file.UpnaDirect" value="/home/alumno/Escritorio/UpnaDirect/build.xml" />
    <property name="default.javac.source" value="11" />
    <property name="libs.javaee-web-api-8.0.javadoc" value="/usr/lib/apache-netbeans/enterprise/docs/javaee-doc-api.jar" />
    <property name="netbeans.dynamic.classpath" value="/usr/lib/apache-netbeans/platform/core/asm-tree-9.5.jar:/usr/lib/apache-netbeans/platform/core/org-openide-filesystems.jar:/usr/lib/apache-netbeans/platform/core/asm-commons-9.5.jar:/usr/lib/apache-netbeans/platform/core/core.jar:/usr/lib/apache-netbeans/platform/core/org-openide-filesystems-compat8.jar:/usr/lib/apache-netbeans/platform/core/org-netbeans-libs-asm.jar:/usr/lib/apache-netbeans/platform/core/core-base.jar:/usr/lib/apache-netbeans/platform/core/asm-9.5.jar:/usr/lib/apache-netbeans/nb/core/org-netbeans-upgrader.jar:/usr/lib/apache-netbeans/nb/core/locale/core_nb.jar" />
    <property name="flatlaf.nativeLibraryPath" value="system" />
    <property name="libs.eclipselinkmodelgen.classpath" value="/usr/lib/apache-netbeans/java/modules/ext/eclipselink/org.eclipse.persistence.jpa.modelgen.processor-2.7.12.jar" />
    <property name="netbeans.buildnumber" value="18-7d33005615b3c744564f3d38ab9ef14bf8c3ec44" />
    <property name="endorsed.classpath.cmd.line.arg" value="" />
    <property name="libs.jpa20-persistence.maven-pom" value="" />
    <property name="os.name" value="Linux" />
    <property name="build.sysclasspath" value="ignore" />
    <property name="libs.CopyLibs.maven-pom" value="" />
    <property name="libs.jakartaee-api-8.0.maven-pom" value="" />
    <property name="jdkBug6558476" value="false" />
    <property name="platforms.JDK_17__System_.bootclasspath" value="/usr/lib/jvm/java-17-openjdk-amd64/!/modules/java.base/:/usr/lib/jvm/java-17-openjdk-amd64/!/modules/java.compiler/:/usr/lib/jvm/java-17-openjdk-amd64/!/modules/java.datatransfer/:/usr/lib/jvm/java-17-openjdk-amd64/!/modules/java.desktop/:/usr/lib/jvm/java-17-openjdk-amd64/!/modules/java.instrument/:/usr/lib/jvm/java-17-openjdk-amd64/!/modules/java.logging/:/usr/lib/jvm/java-17-openjdk-amd64/!/modules/java.management/:/usr/lib/jvm/java-17-openjdk-amd64/!/modules/java.management.rmi/:/usr/lib/jvm/java-17-openjdk-amd64/!/modules/java.naming/:/usr/lib/jvm/java-17-openjdk-amd64/!/modules/java.net.http/:/usr/lib/jvm/java-17-openjdk-amd64/!/modules/java.prefs/:/usr/lib/jvm/java-17-openjdk-amd64/!/modules/java.rmi/:/usr/lib/jvm/java-17-openjdk-amd64/!/modules/java.scripting/:/usr/lib/jvm/java-17-openjdk-amd64/!/modules/java.se/:/usr/lib/jvm/java-17-openjdk-amd64/!/modules/java.security.jgss/:/usr/lib/jvm/java-17-openjdk-amd64/!/modules/java.security.sasl/:/usr/lib/jvm/java-17-openjdk-amd64/!/modules/java.smartcardio/:/usr/lib/jvm/java-17-openjdk-amd64/!/modules/java.sql/:/usr/lib/jvm/java-17-openjdk-amd64/!/modules/java.sql.rowset/:/usr/lib/jvm/java-17-openjdk-amd64/!/modules/java.transaction.xa/:/usr/lib/jvm/java-17-openjdk-amd64/!/modules/java.xml/:/usr/lib/jvm/java-17-openjdk-amd64/!/modules/java.xml.crypto/:/usr/lib/jvm/java-17-openjdk-amd64/!/modules/jdk.accessibility/:/usr/lib/jvm/java-17-openjdk-amd64/!/modules/jdk.attach/:/usr/lib/jvm/java-17-openjdk-amd64/!/modules/jdk.charsets/:/usr/lib/jvm/java-17-openjdk-amd64/!/modules/jdk.compiler/:/usr/lib/jvm/java-17-openjdk-amd64/!/modules/jdk.crypto.cryptoki/:/usr/lib/jvm/java-17-openjdk-amd64/!/modules/jdk.crypto.ec/:/usr/lib/jvm/java-17-openjdk-amd64/!/modules/jdk.dynalink/:/usr/lib/jvm/java-17-openjdk-amd64/!/modules/jdk.editpad/:/usr/lib/jvm/java-17-openjdk-amd64/!/modules/jdk.hotspot.agent/:/usr/lib/jvm/java-17-openjdk-amd64/!/modules/jdk.httpserver/:/usr/lib/jvm/java-17-openjdk-amd64/!/modules/jdk.incubator.foreign/:/usr/lib/jvm/java-17-openjdk-amd64/!/modules/jdk.incubator.vector/:/usr/lib/jvm/java-17-openjdk-amd64/!/modules/jdk.internal.ed/:/usr/lib/jvm/java-17-openjdk-amd64/!/modules/jdk.internal.jvmstat/:/usr/lib/jvm/java-17-openjdk-amd64/!/modules/jdk.internal.le/:/usr/lib/jvm/java-17-openjdk-amd64/!/modules/jdk.internal.opt/:/usr/lib/jvm/java-17-openjdk-amd64/!/modules/jdk.internal.vm.ci/:/usr/lib/jvm/java-17-openjdk-amd64/!/modules/jdk.internal.vm.compiler/:/usr/lib/jvm/java-17-openjdk-amd64/!/modules/jdk.internal.vm.compiler.management/:/usr/lib/jvm/java-17-openjdk-amd64/!/modules/jdk.jartool/:/usr/lib/jvm/java-17-openjdk-amd64/!/modules/jdk.javadoc/:/usr/lib/jvm/java-17-openjdk-amd64/!/modules/jdk.jcmd/:/usr/lib/jvm/java-17-openjdk-amd64/!/modules/jdk.jconsole/:/usr/lib/jvm/java-17-openjdk-amd64/!/modules/jdk.jdeps/:/usr/lib/jvm/java-17-openjdk-amd64/!/modules/jdk.jdi/:/usr/lib/jvm/java-17-openjdk-amd64/!/modules/jdk.jdwp.agent/:/usr/lib/jvm/java-17-openjdk-amd64/!/modules/jdk.jfr/:/usr/lib/jvm/java-17-openjdk-amd64/!/modules/jdk.jlink/:/usr/lib/jvm/java-17-openjdk-amd64/!/modules/jdk.jpackage/:/usr/lib/jvm/java-17-openjdk-amd64/!/modules/jdk.jshell/:/usr/lib/jvm/java-17-openjdk-amd64/!/modules/jdk.jsobject/:/usr/lib/jvm/java-17-openjdk-amd64/!/modules/jdk.jstatd/:/usr/lib/jvm/java-17-openjdk-amd64/!/modules/jdk.localedata/:/usr/lib/jvm/java-17-openjdk-amd64/!/modules/jdk.management/:/usr/lib/jvm/java-17-openjdk-amd64/!/modules/jdk.management.agent/:/usr/lib/jvm/java-17-openjdk-amd64/!/modules/jdk.management.jfr/:/usr/lib/jvm/java-17-openjdk-amd64/!/modules/jdk.naming.dns/:/usr/lib/jvm/java-17-openjdk-amd64/!/modules/jdk.naming.rmi/:/usr/lib/jvm/java-17-openjdk-amd64/!/modules/jdk.net/:/usr/lib/jvm/java-17-openjdk-amd64/!/modules/jdk.nio.mapmode/:/usr/lib/jvm/java-17-openjdk-amd64/!/modules/jdk.random/:/usr/lib/jvm/java-17-openjdk-amd64/!/modules/jdk.sctp/:/usr/lib/jvm/java-17-openjdk-amd64/!/modules/jdk.security.auth/:/usr/lib/jvm/java-17-openjdk-amd64/!/modules/jdk.security.jgss/:/usr/lib/jvm/java-17-openjdk-amd64/!/modules/jdk.unsupported/:/usr/lib/jvm/java-17-openjdk-amd64/!/modules/jdk.unsupported.desktop/:/usr/lib/jvm/java-17-openjdk-amd64/!/modules/jdk.xml.dom/:/usr/lib/jvm/java-17-openjdk-amd64/!/modules/jdk.zipfs/" />
    <property name="javadoc.author" value="false" />
    <property name="http.nonProxyHosts" value="localhost|127.0.0.1|XUBUNTU22-0007" />
    <property name="main.class" value="upnadirect.UpnaDirect" />
    <property name="libs.jsp-compilation-syscp.javadoc" value="" />
    <property name="source.encoding" value="UTF-8" />
    <property name="jar.compress" value="false" />
    <property name="libs.javaee-api-7.0.javadoc" value="/usr/lib/apache-netbeans/enterprise/docs/javaee-doc-api.jar" />
    <property name="flatlaf.updateUIOnSystemFontChange" value="false" />
    <property name="libs.spring-webmvc5.0.src" value="" />
    <property name="java.awt.graphicsenv" value="sun.awt.X11GraphicsEnvironment" />
    <property name="libs.jsf20.maven-pom" value="" />
    <property name="libs.restlib.classpath" value="/usr/lib/apache-netbeans/enterprise/modules/ext/jersey2/jakarta.annotation-api-1.3.5.jar:/usr/lib/apache-netbeans/enterprise/modules/ext/jersey2/jakarta.persistence-api-2.2.3.jar:/usr/lib/apache-netbeans/enterprise/modules/ext/jersey2/jakarta.servlet-api-4.0.4.jar:/usr/lib/apache-netbeans/enterprise/modules/ext/jersey2/jakarta.validation-api-2.0.2.jar:/usr/lib/apache-netbeans/enterprise/modules/ext/jersey2/jakarta.xml.bind-api-2.3.3.jar:/usr/lib/apache-netbeans/enterprise/modules/ext/jersey2/jersey-client-2.34.jar:/usr/lib/apache-netbeans/enterprise/modules/ext/jersey2/jersey-common-2.34.jar:/usr/lib/apache-netbeans/enterprise/modules/ext/jersey2/jersey-server-2.34.jar:/usr/lib/apache-netbeans/enterprise/modules/ext/jersey2/jersey-entity-filtering-2.34.jar:/usr/lib/apache-netbeans/enterprise/modules/ext/jersey2/jersey-hk2-2.34.jar:/usr/lib/apache-netbeans/enterprise/modules/ext/jersey2/jersey-media-moxy-2.34.jar:/usr/lib/apache-netbeans/enterprise/modules/ext/jersey2/jersey-container-servlet-2.34.jar:/usr/lib/apache-netbeans/enterprise/modules/ext/jersey2/jersey-container-servlet-core-2.34.jar:/usr/lib/apache-netbeans/enterprise/modules/ext/jersey2/hk2-api-2.6.1.jar:/usr/lib/apache-netbeans/enterprise/modules/ext/jersey2/hk2-locator-2.6.1.jar:/usr/lib/apache-netbeans/enterprise/modules/ext/jersey2/hk2-utils-2.6.1.jar:/usr/lib/apache-netbeans/enterprise/modules/ext/jersey2/jakarta.inject-2.6.1.jar:/usr/lib/apache-netbeans/enterprise/modules/ext/jersey2/aopalliance-repackaged-2.6.1.jar:/usr/lib/apache-netbeans/enterprise/modules/ext/jersey2/osgi.core-8.0.0.jar:/usr/lib/apache-netbeans/enterprise/modules/ext/jersey2/osgi-resource-locator-1.0.3.jar:/usr/lib/apache-netbeans/java/modules/ext/eclipselink/org.eclipse.persistence.core-2.7.12.jar:/usr/lib/apache-netbeans/java/modules/ext/eclipselink/org.eclipse.persistence.asm-9.4.0.jar:/usr/lib/apache-netbeans/java/modules/ext/eclipselink/org.eclipse.persistence.antlr-2.7.12.jar:/usr/lib/apache-netbeans/java/modules/ext/eclipselink/org.eclipse.persistence.jpa-2.7.12.jar:/usr/lib/apache-netbeans/java/modules/ext/eclipselink/org.eclipse.persistence.jpa.jpql-2.7.12.jar:/usr/lib/apache-netbeans/java/modules/ext/eclipselink/org.eclipse.persistence.moxy-2.7.12.jar" />
    <property name="libs.jakartaee-web-api-8.0.javadoc" value="/usr/lib/apache-netbeans/enterprise/docs/jakartaee8-doc-api.jar" />
    <property name="apple.awt.graphics.UseQuartz" value="true" />
    <property name="libs.graaljs.src" value="" />
    <property name="run.jvmargs" value="" />
    <property name="libs.primefaces.src" value="" />
    <property name="ant.file" value="/home/alumno/Escritorio/UpnaDirect/build.xml" />
    <property name="libs.struts.src" value="" />
    <property name="path.separator" value=":" />
    <property name="libs.JAXB-ENDORSED.classpath" value="/usr/lib/apache-netbeans/ide/modules/ext/jaxb/api/jaxb-api.jar" />
    <property name="libs.restlib.src" value="" />
    <property name="build.test.results.dir" value="build/test/results" />
    <property name="libs.jaxws21.javadoc" value="/usr/lib/apache-netbeans/java/docs/jaxws-api-doc.zip" />
    <property name="platforms.JDK_17__System_.home" value="/usr/lib/jvm/java-17-openjdk-amd64" />
    <property name="libs.spring-framework400.maven-pom" value="" />
    <property name="libs.javaee-endorsed-api-6.0.javadoc" value="/usr/lib/apache-netbeans/enterprise/docs/javaee-doc-api.jar" />
    <property name="ap.processors.internal" value="" />
    <property name="libs.spring-webmvc5.0.javadoc" value="" />
    <property name="libs.jsf12.classpath" value="/usr/lib/apache-netbeans/enterprise/modules/ext/jsf-1_2/jsf-api.jar:/usr/lib/apache-netbeans/enterprise/modules/ext/jsf-1_2/jsf-impl.jar" />
    <property name="libs.hamcrest.javadoc" value="" />
    <property name="libs.spring-framework400.javadoc" value="" />
    <property name="java.vm.info" value="mixed mode, sharing" />
    <property name="libs.primefaces.classpath" value="/usr/lib/apache-netbeans/enterprise/modules/ext/primefaces/primefaces-5.0.jar" />
    <property name="libs.jaxws21.maven-pom" value="" />
    <property name="run.test.classpath" value=":build/classes:/usr/lib/apache-netbeans/platform/modules/ext/junit-4.13.2.jar:/usr/lib/apache-netbeans/platform/modules/ext/hamcrest-core-1.3.jar:build/test/classes" />
    <property name="javadoc.encoding.used" value="UTF-8" />
    <property name="java.class.version" value="55.0" />
    <property name="src.dir" value="src" />
    <property name="debug.classpath" value=":build/classes" />
    <property name="ant.project.default-target" value="default" />
    <property name="excludes" value="" />
    <property name="libs.javaee-api-7.0.src" value="" />
    <property name="sun.jnu.encoding" value="UTF-8" />
    <property name="libs.junit_4.javadoc" value="/usr/lib/apache-netbeans/platform/docs/junit-4.13.2-javadoc.jar" />
    <property name="run.test.jvmargs" value="" />
    <property name="libs.spring-webmvc4.0.src" value="" />
    <property name="sun.java2d.dpiaware" value="true" />
    <property name="main.class.available" value="true" />
    <property name="libs.jsf20.javadoc" value="/usr/lib/apache-netbeans/enterprise/docs/javaee-doc-api.jar" />
    <property name="netbeans.importclass" value="org.netbeans.upgrade.AutoUpgrade" />
    <property name="netbeans.autoupdate.version" value="1.23" />
    <property name="empty.dir" value="/home/alumno/Escritorio/UpnaDirect/build/empty" />
    <property name="libs.jakartaee-api-10.0.classpath" value="/usr/lib/apache-netbeans/enterprise/modules/ext/jakarta.jakartaee-api-10.0.0.jar" />
    <property name="netbeans.user" value="/home/alumno/.netbeans/18" />
    <property name="file.separator" value="/" />
    <property name="line.separator" value="&#xa;" />
    <property name="javadoc.additionalparam" value="" />
    <property name="libs.spring-webmvc5.0.classpath" value="/usr/lib/apache-netbeans/java/modules/ext/spring-5/spring-webmvc-5.2.9.RELEASE.jar" />
    <property name="javac.debug" value="true" />
    <property name="libs.restlib.maven-pom" value="" />
    <property name="libs.testng.classpath" value="/usr/lib/apache-netbeans/platform/modules/ext/testng-6.14.3.jar:/usr/lib/apache-netbeans/platform/modules/ext/jcommander-1.78.jar" />
    <property name="platforms.JDK_11__System_.compiler" value="modern" />
    <property name="libs.jsp-compiler.src" value="" />
    <property name="user.name" value="alumno" />
    <property name="build.classes.dir" value="build/classes" />
    <property name="nb.junit.single" value="false" />
    <property name="javadoc.windowtitle" value="" />
    <property name="nb.internal.action.name" value="test" />
    <property name="libs.javaee-api-8.0.maven-pom" value="" />
    <property name="libs.jaxws21.src" value="" />
    <property name="apple.awt.application.appearance" value="system" />
    <property name="libs.jakartaee-web-api-9.0.javadoc" value="/usr/lib/apache-netbeans/enterprise/docs/jakartaee9-doc-api.jar" />
    <property name="jna.loaded" value="true" />
    <property name="libs.junit_5.maven-pom" value="" />
    <property name="libs.jpa20-persistence.javadoc" value="/usr/lib/apache-netbeans/java/modules/ext/docs/jakarta.persistence-2.2.3-doc.zip" />
    <property name="ant.junit.enabletestlistenerevents" value="true" />
    <property name="libs.JWSAntTasks.src" value="" />
    <property name="ant.home" value="/usr/lib/apache-netbeans/extide/ant" />
    <property name="libs.spring-webmvc3.0.src" value="" />
    <property name="javac.external.vm" value="true" />
    <property name="have.tests" value="true" />
    <property name="debug.test.classpath" value=":build/classes:/usr/lib/apache-netbeans/platform/modules/ext/junit-4.13.2.jar:/usr/lib/apache-netbeans/platform/modules/ext/hamcrest-core-1.3.jar:build/test/classes" />
    <property name="testng.debug.mode" value="" />
    <property name="javac.target" value="1.8" />
    <property name="ant.version" value="Apache Ant(TM) version 1.10.8 compiled on May 10 2020" />
    <property name="libs.absolutelayout.maven-pom" value="" />
    <property name="java.failonerror" value="true" />
    <property name="libs.spring-framework500.src" value="" />
    <property name="javac.modulepath" value="" />
    <property name="user.properties.file" value="/home/alumno/.netbeans/18/build.properties" />
    <property name="libs.javaee-api-6.0.src" value="" />
    <property name="netbeans.autoupdate.country" value="ES" />
    <property name="nb.wait.for.caches" value="true" />
    <property name="java.class.path" value="/home/alumno/Escritorio/UpnaDirect/build/classes:/usr/lib/apache-netbeans/platform/modules/ext/junit-4.13.2.jar:/usr/lib/apache-netbeans/platform/modules/ext/hamcrest-core-1.3.jar:/home/alumno/Escritorio/UpnaDirect/build/test/classes:/usr/lib/apache-netbeans/extide/ant/lib/ant-launcher.jar:/usr/lib/apache-netbeans/extide/ant/lib/ant.jar:/usr/lib/apache-netbeans/extide/ant/lib/ant-junit.jar:/usr/lib/apache-netbeans/extide/ant/lib/ant-junit4.jar" />
    <property name="libs.javaee-web-api-6.0.maven-pom" value="" />
    <property name="java.vm.vendor" value="Ubuntu" />
    <property name="ap.supported.internal" value="true" />
    <property name="netbeans.home+have.tests" value="true" />
    <property name="test.binaryexcludes" value="" />
    <property name="javac.compilerargs" value="" />
    <property name="libs.jstl.maven-pom" value="" />
    <property name="libs.jakartaee-web-api-8.0.src" value="" />
    <property name="sun.cpu.endian" value="little" />
    <property name="libs.junit_4.src" value="/usr/lib/apache-netbeans/platform/docs/junit-4.13.2-sources.jar" />
    <property name="libs.jakartaee-api-9.0.src" value="" />
    <property name="user.language" value="es" />
    <property name="copylibs.rebase" value="true" />
    <property name="libs.javaee-web-api-6.0.src" value="" />
    <property name="maven.defaultProjectBuilder.disableGlobalModelCache" value="true" />
    <property name="javadoc.nonavbar" value="false" />
    <property name="libs.javaee-api-8.0.src" value="" />
    <property name="ant.java.version" value="11" />
    <property name="libs.junit_4.classpath" value="/usr/lib/apache-netbeans/platform/modules/ext/junit-4.13.2.jar" />
    <property name="libs.jakartaee-api-9.0.javadoc" value="/usr/lib/apache-netbeans/enterprise/docs/jakartaee9-doc-api.jar" />
    <property name="test.binarytestincludes" value="" />
    <property name="libs.junit_4.maven-pom" value="" />
    <property name="libs.spring-webmvc5.0.maven-pom" value="" />
    <property name="libs.jsp-compiler.maven-pom" value="" />
    <property name="runtime.encoding" value="UTF-8" />
    <property name="libs.jakartaee-web-api-10.0.javadoc" value="/usr/lib/apache-netbeans/enterprise/docs/jakartaee10-doc-api.jar" />
    <property name="libs.jakartaee-web-api-8.0.classpath" value="/usr/lib/apache-netbeans/enterprise/modules/ext/jakarta.jakartaee-web-api-8.0.0.jar" />
    <property name="javac.classpath" value="" />
    <property name="nb.junit.batch" value="true" />
    <property name="libs.jakartaee-web-api-10.0.maven-pom" value="" />
    <property name="build.test.classes.dir" value="build/test/classes" />
    <property name="libs.spring-framework300.maven-pom" value="" />
    <property name="ant.project.invoked-targets" value="test" />
    <property name="netbeans.automatic.build" value="true" />
    <property name="libs.jstl.classpath" value="/usr/lib/apache-netbeans/enterprise/modules/ext/jstl-impl.jar:/usr/lib/apache-netbeans/enterprise/modules/ext/jstl-api.jar" />
    <property name="ap.cmd.line.internal" value="" />
    <property name="jna.platform.library.path" value="/usr/lib/x86_64-linux-gnu:/lib/x86_64-linux-gnu:/usr/lib64:/lib64:/usr/lib:/lib:/usr/local/lib:/lib/i386-linux-gnu:/libx32:/lib32:/usr/lib/x86_64-linux-gnu/libfakeroot" />
    <property name="libs.PostgreSQLDriver.src" value="" />
    <property name="java.vendor.url.bug" value="https://bugs.launchpad.net/ubuntu/+source/openjdk-lts" />
    <property name="annotation.processing.source.output" value="build/generated-sources/ap-source-output" />
    <property name="libs.javaee-endorsed-api-6.0.maven-pom" value="" />
    <property name="user.dir" value="/home/alumno/Escritorio/UpnaDirect" />
    <property name="platform.java" value="/usr/lib/jvm/java-11-openjdk-amd64/bin/java" />
    <property name="application.args" value="" />
    <property name="org.xml.sax.driver" value="com.sun.org.apache.xerces.internal.jaxp.SAXParserImpl$JAXPSAXParser" />
    <property name="libs.jakartaee-web-api-8.0.maven-pom" value="" />
    <property name="libs.eclipselink.src" value="" />
    <property name="java.vm.version" value="11.0.20+8-post-Ubuntu-1ubuntu122.04" />
    <property name="libs.metro.javadoc" value="/usr/lib/apache-netbeans/enterprise/docs/webservices-api-javadoc.jar:/usr/lib/apache-netbeans/enterprise/docs/webservices-extra-javadoc.jar:/usr/lib/apache-netbeans/enterprise/docs/webservices-extra-api-javadoc.jar:/usr/lib/apache-netbeans/enterprise/docs/webservices-rt-javadoc.jar:/usr/lib/apache-netbeans/enterprise/docs/webservices-tools-javadoc.jar" />
    <property name="libs.jakartaee-web-api-9.0.src" value="" />
    <property name="sun.awt.datatransfer.timeout" value="1000" />
    <property name="libs.jakartaee-web-api-10.0.classpath" value="/usr/lib/apache-netbeans/enterprise/modules/ext/jakarta.jakartaee-web-api-10.0.0.jar" />
    <property name="libs.javaee-web-api-7.0.src" value="" />
    <property name="junit.forkmode" value="perTest" />
    <property name="annotation.processing.run.all.processors" value="true" />
    <property name="libs.jakartaee-api-8.0.src" value="" />
    <property name="libs.jsp-compiler.classpath" value="/usr/lib/apache-netbeans/enterprise/ant/extra/jspcompile.jar" />
    <property name="libs.javaee-endorsed-api-6.0.classpath" value="/usr/lib/apache-netbeans/enterprise/modules/ext/javaee6-endorsed/javax.annotation.jar:/usr/lib/apache-netbeans/enterprise/modules/ext/javaee6-endorsed/jaxb-api-osgi.jar:/usr/lib/apache-netbeans/enterprise/modules/ext/javaee6-endorsed/webservices-api-osgi.jar" />
  </properties>
  <testcase classname="upnadirect.ClienteTest" name="testValidarClienteSalario" time="0.004" />
  <testcase classname="upnadirect.ClienteTest" name="testValidarClienteAnioNacimiento" time="0.0" />
  <system-out><![CDATA[]]></system-out>
  <system-err><![CDATA[]]></system-err>
</testsuite>
